Base path: C:/Program Files (x86)/Unity/Editor/Data
Pipe name: \\.\pipe\UnityShaderCompiler-1-5020
Cmd: getPlatforms
Cmd: preprocess
  insize=880 outsize=1418 ok=1
Cmd: compileSnippet
  api=4 type=0 insize=5042 outsize=4069 kw=DIRECTIONAL SHADOWS_OFF LIGHTMAP_OFF DIRLIGHTMAP_OFF ok=1
Cmd: compileSnippet
  api=4 type=1 insize=5042 outsize=2663 kw=DIRECTIONAL SHADOWS_OFF LIGHTMAP_OFF DIRLIGHTMAP_OFF ok=1
Cmd: compileSnippet
  api=4 type=0 insize=2665 outsize=3720 kw=POINT ok=1
Cmd: compileSnippet
  api=4 type=1 insize=2665 outsize=2948 kw=POINT ok=1
Cmd: compileSnippet
  api=4 type=0 insize=2507 outsize=2915 kw= ok=1
Cmd: compileSnippet
  api=4 type=1 insize=2507 outsize=1550 kw= ok=1
Cmd: compileSnippet
  api=4 type=0 insize=4540 outsize=2972 kw=LIGHTMAP_OFF DIRLIGHTMAP_OFF HDR_LIGHT_PREPASS_OFF ok=1
Cmd: compileSnippet
  api=4 type=1 insize=4540 outsize=1493 kw=LIGHTMAP_OFF DIRLIGHTMAP_OFF HDR_LIGHT_PREPASS_OFF ok=1
Cmd: compileSnippet
  api=4 type=0 insize=2665 outsize=2940 kw=DIRECTIONAL ok=1
Cmd: compileSnippet
  api=4 type=1 insize=2665 outsize=2477 kw=DIRECTIONAL ok=1
